<?xml version="1.0" encoding="UTF-8"?>
<!-- Generated by org.testng.reporters.JUnitReportReporter -->
<testsuite skipped="0" hostname="Appies-MacBook-Air.local" name="testcases.TestHomePageFail" tests="1" failures="0" timestamp="01 Sep 2018 11:45:11 GMT" time="10.759" errors="0">
  <testcase name="testClicks" time="10.759" classname="testcases.TestHomePageFail"/>
</testsuite> <!-- testcases.TestHomePageFail -->
